Arguments: 
  C:\Program Files\nodejs\node.exe C:\Program Files (x86)\Yarn\bin\yarn.js install

PATH: 
  C:\ProgramData\Oracle\Java\javapath;C:\Windows\system32;C:\Windows;C:\Windows\System32\Wbem;C:\Windows\System32\WindowsPowerShell\v1.0\;C:\Windows\System32\OpenSSH\;C:\Program Files (x86)\NVIDIA Corporation\PhysX\Common;C:\Program Files\NVIDIA Corporation\NVIDIA NvDLISR;C:\Program Files\Microsoft VS Code\bin;C:\Program Files\PuTTY\;C:\Program Files\Git\cmd;C:\Program Files (x86)\Yarn\bin\;C:\Program Files\nodejs\;C:\FPC\3.0.4\bin\i386-Win32;C:\Program Files\SafeNet\Authentication\SAC\x64;C:\Program Files\SafeNet\Authentication\SAC\x32;C:\Users\azama\.cargo\bin;C:\Users\azama\AppData\Local\Microsoft\WindowsApps;C:\Users\azama\AppData\Local\Yarn\bin;C:\Program Files\curl-7.67.0-win64-mingw\bin;C:\Users\azama\AppData\Roaming\npm

Yarn version: 
  1.19.1

Node version: 
  12.16.1

Platform: 
  win32 x64

Trace: 
  Error: connect ETIMEDOUT 10.73.88.51:4873
      at TCPConnectWrap.afterConnect [as oncomplete] (net.js:1137:16)

npm manifest: 
  {
    "name": "chuhichi-fighting",
    "version": "1.0.0",
    "description": "Cool fighting",
    "main": "index.js",
    "repository": "https://github.com/Azamat1/chuhichi-fighting.git",
    "dependencies": {
      "@babel/polyfill": "^7.8.7",
      "@types/jest": "^25.1.4",
      "lodash": "^4.17.15",
      "webpack": "^4.42.0",
      "webpack-cli": "^3.3.11"
    },
    "devDependencies": {
      "@babel/core": "^7.8.7",
      "@babel/plugin-proposal-class-properties": "^7.8.3",
      "@babel/preset-env": "^7.8.7",
      "babel-jest": "^25.1.0",
      "babel-loader": "^8.0.6",
      "clean-webpack-plugin": "^3.0.0",
      "html-webpack-plugin": "^3.2.0",
      "jest": "^25.1.0",
      "webpack-dev-server": "^3.10.3"
    },
    "scripts": {
      "test": "jest"
    },
    "author": "Azamat Mukhametov <azamatmuf@gmail.com>",
    "license": "MIT"
  }

yarn manifest: 
  No manifest

Lockfile: 
  No lockfile
